<?xml version="1.0" encoding="UTF-8"?>
<!-- Generated by org.testng.reporters.JUnitReportReporter -->
<testsuite hostname="DESKTOP-OT8OU31" name="com.datadriventest.HalfEbdayTest" tests="8" failures="0" timestamp="16 May 2018 11:14:39 GMT" time="89.667" errors="0">
  <testcase name="HalfEbayRegTest" time="10.842" classname="com.datadriventest.HalfEbdayTest"/>
  <testcase name="HalfEbayRegTest" time="11.687" classname="com.datadriventest.HalfEbdayTest"/>
  <testcase name="HalfEbayRegTest" time="12.632" classname="com.datadriventest.HalfEbdayTest"/>
  <testcase name="HalfEbayRegTest" time="10.609" classname="com.datadriventest.HalfEbdayTest"/>
  <testcase name="HalfEbayRegTest" time="10.757" classname="com.datadriventest.HalfEbdayTest"/>
  <testcase name="HalfEbayRegTest" time="10.103" classname="com.datadriventest.HalfEbdayTest"/>
  <testcase name="HalfEbayRegTest" time="11.800" classname="com.datadriventest.HalfEbdayTest"/>
  <testcase name="HalfEbayRegTest" time="11.237" classname="com.datadriventest.HalfEbdayTest"/>
</testsuite> <!-- com.datadriventest.HalfEbdayTest -->
